[debug] [2026-06-19T14:46:07.626Z] ----------------------------------------------------------------------
[debug] [2026-06-19T14:46:07.630Z] Command:       C:\Program Files\nodejs\node.exe C:\Users\shaik\AppData\Roaming\npm\node_modules\firebase-tools\lib\bin\firebase.js init apphosting
[debug] [2026-06-19T14:46:07.631Z] CLI Version:   15.19.1
[debug] [2026-06-19T14:46:07.631Z] Platform:      win32
[debug] [2026-06-19T14:46:07.631Z] Node Version:  v24.13.1
[debug] [2026-06-19T14:46:07.631Z] Time:          Fri Jun 19 2026 20:16:07 GMT+0530 (India Standard Time)
[debug] [2026-06-19T14:46:07.631Z] ----------------------------------------------------------------------
[debug] 
[info] 
     ######## #### ########  ######## ########     ###     ######  ########
     ##        ##  ##     ## ##       ##     ##  ##   ##  ##       ##
     ######    ##  ########  ######   ########  #########  ######  ######
     ##        ##  ##    ##  ##       ##     ## ##     ##       ## ##
     ##       #### ##     ## ######## ########  ##     ##  ######  ########

You're about to initialize a Firebase project in this directory:

  C:\Users\shaik\Downloads\Climbup-team-main\Climbup-team-main\climbup-nextjs

[info] 
=== Project Setup
[info] 
[info] First, let's associate this project directory with a Firebase project.
[info] You can create multiple project aliases by running firebase use --add, 
[info] 
[debug] [2026-06-19T14:46:13.531Z] > command requires scopes: ["email","openid","https://www.googleapis.com/auth/cloudplatformprojects.readonly","https://www.googleapis.com/auth/firebase","https://www.googleapis.com/auth/cloud-platform"]
[debug] [2026-06-19T14:46:13.532Z] > authorizing via signed-in user (transporteyesystem@gmail.com)
[debug] [2026-06-19T14:46:13.534Z] Checked if tokens are valid: true, expires at: 1781883925090
[debug] [2026-06-19T14:46:13.534Z] Checked if tokens are valid: true, expires at: 1781883925090
[debug] [2026-06-19T14:46:13.537Z] >>> [apiv2][query] GET https://firebase.googleapis.com/v1beta1/projects/climbup-web-2026 [none]
[debug] [2026-06-19T14:46:14.309Z] <<< [apiv2][status] GET https://firebase.googleapis.com/v1beta1/projects/climbup-web-2026 403
[debug] [2026-06-19T14:46:14.309Z] <<< [apiv2][body] GET https://firebase.googleapis.com/v1beta1/projects/climbup-web-2026 {"error":{"code":403,"message":"The caller does not have permission","status":"PERMISSION_DENIED"}}
[debug] [2026-06-19T14:46:14.310Z] Request to https://firebase.googleapis.com/v1beta1/projects/climbup-web-2026 had HTTP Error: 403, The caller does not have permission
[debug] [2026-06-19T14:46:14.961Z] FirebaseError: Request to https://firebase.googleapis.com/v1beta1/projects/climbup-web-2026 had HTTP Error: 403, The caller does not have permission
    at responseToError (C:\Users\shaik\AppData\Roaming\npm\node_modules\firebase-tools\lib\responseToError.js:53:12)
    at RetryOperation._fn (C:\Users\shaik\AppData\Roaming\npm\node_modules\firebase-tools\lib\apiv2.js:333:77)
    at process.processTicksAndRejections (node:internal/process/task_queues:103:5)
[error] 
[error] Error: Failed to get Firebase project climbup-web-2026. Please make sure the project exists and your account has permission to access it.
